----------------------------------------------------------------
Tue Feb 07 13:09:59 EAT 2023:
Booting Derby version The Apache Software Foundation - Apache Derby - 10.14.2.0 - (1828579): instance a816c00e-0186-2b5a-8712-00000c250558 
on database directory memory:/home/wayne/Documents/projects/blogpost/d127ebfe-5db4-46de-b386-e708b2f204b2 with class loader sun.misc.Launcher$AppClassLoader@7d4991ad 
Loaded from file:/home/wayne/.m2/repository/org/apache/derby/derby/10.14.2.0/derby-10.14.2.0.jar
java.vendor=Private Build
java.runtime.version=1.8.0_352-8u352-ga-1~22.04-b08
user.dir=/home/wayne/Documents/projects/blogpost
os.name=Linux
os.arch=amd64
os.version=5.15.0-58-generic
derby.system.home=null
Database Class Loader started - derby.database.classpath=''
----------------------------------------------------------------
Tue Feb 07 13:15:14 EAT 2023:
Shutting down instance a816c00e-0186-2b5a-8712-00000c250558 on database directory memory:/home/wayne/Documents/projects/blogpost/d127ebfe-5db4-46de-b386-e708b2f204b2 with class loader sun.misc.Launcher$AppClassLoader@7d4991ad 
----------------------------------------------------------------
Tue Feb 07 13:15:17 EAT 2023:
Booting Derby version The Apache Software Foundation - Apache Derby - 10.14.2.0 - (1828579): instance 7815c0b6-0186-2b5a-8712-00000c250558 
on database directory memory:/home/wayne/Documents/projects/blogpost/176f998e-442b-46e5-9ea5-07746d93e6b5 with class loader sun.misc.Launcher$AppClassLoader@7d4991ad 
Loaded from file:/home/wayne/.m2/repository/org/apache/derby/derby/10.14.2.0/derby-10.14.2.0.jar
java.vendor=Private Build
java.runtime.version=1.8.0_352-8u352-ga-1~22.04-b08
user.dir=/home/wayne/Documents/projects/blogpost
os.name=Linux
os.arch=amd64
os.version=5.15.0-58-generic
derby.system.home=null
Database Class Loader started - derby.database.classpath=''
